  general_scene_config.cpp
D:\Documents\Tsinghua\myself\一升二暑假\程设\git_Project\Project\LibraryManagementSys\LibraryManagementSys\general_scene_config.cpp(28,35): warning C4297: “GeneralScene::layoutText”: 假定函数不引发异常，但确实发生了
  D:\Documents\Tsinghua\myself\一升二暑假\程设\git_Project\Project\LibraryManagementSys\LibraryManagementSys\general_scene_config.cpp(28,35):
  在函数上指定了 __declspec(nothrow)、throw()、noexcept(true)或 noexcept
  
D:\Documents\Tsinghua\myself\一升二暑假\程设\git_Project\Project\LibraryManagementSys\LibraryManagementSys\general_scene_config.cpp(37,44): warning C4297: “GeneralScene::waitInput”: 假定函数不引发异常，但确实发生了
  D:\Documents\Tsinghua\myself\一升二暑假\程设\git_Project\Project\LibraryManagementSys\LibraryManagementSys\general_scene_config.cpp(37,44):
  在函数上指定了 __declspec(nothrow)、throw()、noexcept(true)或 noexcept
  
  help_page_display.cpp
  home_page_display.cpp
  link_config.cpp
  login_page_display.cpp
  mouse_config.cpp
  page_config.cpp
D:\Documents\Tsinghua\myself\一升二暑假\程设\git_Project\Project\LibraryManagementSys\LibraryManagementSys\page_config.cpp(38,28): warning C5043: Page::returnDefault: 异常规范与前面的声明不匹配
  D:\Documents\Tsinghua\myself\一升二暑假\程设\git_Project\Project\LibraryManagementSys\LibraryManagementSys\page_base.h(30,7):
  参见“Page::returnDefault”的声明
  
D:\Documents\Tsinghua\myself\一升二暑假\程设\git_Project\Project\LibraryManagementSys\LibraryManagementSys\page_config.cpp(39,69): warning C4297: “Page::returnDefault”: 假定函数不引发异常，但确实发生了
  D:\Documents\Tsinghua\myself\一升二暑假\程设\git_Project\Project\LibraryManagementSys\LibraryManagementSys\page_config.cpp(39,69):
  在函数上指定了 __declspec(nothrow)、throw()、noexcept(true)或 noexcept
  
  reader_config.cpp
  scene_config.cpp
  正在生成代码...
  LibraryManagementSys.vcxproj -> D:\Documents\Tsinghua\myself\一升二暑假\程设\git_Project\Project\LibraryManagementSys\x64\Debug\LibraryManagementSys.exe
