d:\documents\tsinghua\myself\一升二暑假\程设\git_project\project\librarymanagementsys\librarymanagementsys\x64\debug\vc143.pdb
d:\documents\tsinghua\myself\一升二暑假\程设\git_project\project\librarymanagementsys\librarymanagementsys\x64\debug\vc143.idb
d:\documents\tsinghua\myself\一升二暑假\程设\git_project\project\librarymanagementsys\librarymanagementsys\x64\debug\homepagedisplay.nativecodeanalysis.sarif
d:\documents\tsinghua\myself\一升二暑假\程设\git_project\project\librarymanagementsys\librarymanagementsys\x64\debug\homepagedisplay.nativecodeanalysis.xml
d:\documents\tsinghua\myself\一升二暑假\程设\git_project\project\librarymanagementsys\librarymanagementsys\x64\debug\main.nativecodeanalysis.sarif
d:\documents\tsinghua\myself\一升二暑假\程设\git_project\project\librarymanagementsys\librarymanagementsys\x64\debug\main.nativecodeanalysis.xml
d:\documents\tsinghua\myself\一升二暑假\程设\git_project\project\librarymanagementsys\librarymanagementsys\x64\debug\mouseconfig.nativecodeanalysis.sarif
d:\documents\tsinghua\myself\一升二暑假\程设\git_project\project\librarymanagementsys\librarymanagementsys\x64\debug\mouseconfig.nativecodeanalysis.xml
d:\documents\tsinghua\myself\一升二暑假\程设\git_project\project\librarymanagementsys\librarymanagementsys\x64\debug\pageconfig.nativecodeanalysis.sarif
d:\documents\tsinghua\myself\一升二暑假\程设\git_project\project\librarymanagementsys\librarymanagementsys\x64\debug\pageconfig.nativecodeanalysis.xml
d:\documents\tsinghua\myself\一升二暑假\程设\git_project\project\librarymanagementsys\librarymanagementsys\x64\debug\pageconfig.obj
d:\documents\tsinghua\myself\一升二暑假\程设\git_project\project\librarymanagementsys\librarymanagementsys\x64\debug\mouseconfig.obj
d:\documents\tsinghua\myself\一升二暑假\程设\git_project\project\librarymanagementsys\librarymanagementsys\x64\debug\main.obj
d:\documents\tsinghua\myself\一升二暑假\程设\git_project\project\librarymanagementsys\librarymanagementsys\x64\debug\homepagedisplay.obj
d:\documents\tsinghua\myself\一升二暑假\程设\git_project\project\librarymanagementsys\librarymanagementsys\x64\debug\librarymanagementsys.ilk
d:\documents\tsinghua\myself\一升二暑假\程设\git_project\project\librarymanagementsys\x64\debug\librarymanagementsys.exe
d:\documents\tsinghua\myself\一升二暑假\程设\git_project\project\librarymanagementsys\x64\debug\librarymanagementsys.pdb
d:\documents\tsinghua\myself\一升二暑假\程设\git_project\project\librarymanagementsys\librarymanagementsys\x64\debug\vc.nativecodeanalysis.all.xml
d:\documents\tsinghua\myself\一升二暑假\程设\git_project\project\librarymanagementsys\librarymanagementsys\x64\debug\librarym.90f70d07.tlog\cl.command.1.tlog
d:\documents\tsinghua\myself\一升二暑假\程设\git_project\project\librarymanagementsys\librarymanagementsys\x64\debug\librarym.90f70d07.tlog\cl.items.tlog
d:\documents\tsinghua\myself\一升二暑假\程设\git_project\project\librarymanagementsys\librarymanagementsys\x64\debug\librarym.90f70d07.tlog\cl.read.1.tlog
d:\documents\tsinghua\myself\一升二暑假\程设\git_project\project\librarymanagementsys\librarymanagementsys\x64\debug\librarym.90f70d07.tlog\cl.write.1.tlog
d:\documents\tsinghua\myself\一升二暑假\程设\git_project\project\librarymanagementsys\librarymanagementsys\x64\debug\librarym.90f70d07.tlog\link.command.1.tlog
d:\documents\tsinghua\myself\一升二暑假\程设\git_project\project\librarymanagementsys\librarymanagementsys\x64\debug\librarym.90f70d07.tlog\link.read.1.tlog
d:\documents\tsinghua\myself\一升二暑假\程设\git_project\project\librarymanagementsys\librarymanagementsys\x64\debug\librarym.90f70d07.tlog\link.write.1.tlog
