d:\documents\tsinghua\myself\一升二暑假\程设\git_project\project\library_management_sys\library_management_sys\x64\release\vc143.pdb
d:\documents\tsinghua\myself\一升二暑假\程设\git_project\project\library_management_sys\library_management_sys\x64\release\main.obj
d:\documents\tsinghua\myself\一升二暑假\程设\git_project\project\library_management_sys\library_management_sys\x64\release\user_base.obj
d:\documents\tsinghua\myself\一升二暑假\程设\git_project\project\library_management_sys\library_management_sys\x64\release\statistic_base.obj
d:\documents\tsinghua\myself\一升二暑假\程设\git_project\project\library_management_sys\library_management_sys\x64\release\scheduler_base.obj
d:\documents\tsinghua\myself\一升二暑假\程设\git_project\project\library_management_sys\library_management_sys\x64\release\search_page.obj
d:\documents\tsinghua\myself\一升二暑假\程设\git_project\project\library_management_sys\library_management_sys\x64\release\scene_base.obj
d:\documents\tsinghua\myself\一升二暑假\程设\git_project\project\library_management_sys\library_management_sys\x64\release\portal_page.obj
d:\documents\tsinghua\myself\一升二暑假\程设\git_project\project\library_management_sys\library_management_sys\x64\release\login_page.obj
d:\documents\tsinghua\myself\一升二暑假\程设\git_project\project\library_management_sys\library_management_sys\x64\release\home_page.obj
d:\documents\tsinghua\myself\一升二暑假\程设\git_project\project\library_management_sys\library_management_sys\x64\release\help_page.obj
d:\documents\tsinghua\myself\一升二暑假\程设\git_project\project\library_management_sys\library_management_sys\x64\release\detail_page.obj
d:\documents\tsinghua\myself\一升二暑假\程设\git_project\project\library_management_sys\library_management_sys\x64\release\reader_base.obj
d:\documents\tsinghua\myself\一升二暑假\程设\git_project\project\library_management_sys\library_management_sys\x64\release\page_base.obj
d:\documents\tsinghua\myself\一升二暑假\程设\git_project\project\library_management_sys\library_management_sys\x64\release\mouse_base.obj
d:\documents\tsinghua\myself\一升二暑假\程设\git_project\project\library_management_sys\library_management_sys\x64\release\link_base.obj
d:\documents\tsinghua\myself\一升二暑假\程设\git_project\project\library_management_sys\library_management_sys\x64\release\book_base..obj
d:\documents\tsinghua\myself\一升二暑假\程设\git_project\project\library_management_sys\x64\release\library_management_sys.exe
d:\documents\tsinghua\myself\一升二暑假\程设\git_project\project\library_management_sys\library_management_sys\x64\release\library_management_sys.ipdb
d:\documents\tsinghua\myself\一升二暑假\程设\git_project\project\library_management_sys\x64\release\library_management_sys.pdb
d:\documents\tsinghua\myself\一升二暑假\程设\git_project\project\library_management_sys\library_management_sys\x64\release\library_management_sys.iobj
d:\documents\tsinghua\myself\一升二暑假\程设\git_project\project\library_management_sys\library_management_sys\x64\release\library_.90f70d07.tlog\cl.command.1.tlog
d:\documents\tsinghua\myself\一升二暑假\程设\git_project\project\library_management_sys\library_management_sys\x64\release\library_.90f70d07.tlog\cl.items.tlog
d:\documents\tsinghua\myself\一升二暑假\程设\git_project\project\library_management_sys\library_management_sys\x64\release\library_.90f70d07.tlog\cl.read.1.tlog
d:\documents\tsinghua\myself\一升二暑假\程设\git_project\project\library_management_sys\library_management_sys\x64\release\library_.90f70d07.tlog\cl.write.1.tlog
d:\documents\tsinghua\myself\一升二暑假\程设\git_project\project\library_management_sys\library_management_sys\x64\release\library_.90f70d07.tlog\link.command.1.tlog
d:\documents\tsinghua\myself\一升二暑假\程设\git_project\project\library_management_sys\library_management_sys\x64\release\library_.90f70d07.tlog\link.read.1.tlog
d:\documents\tsinghua\myself\一升二暑假\程设\git_project\project\library_management_sys\library_management_sys\x64\release\library_.90f70d07.tlog\link.write.1.tlog
