  GeneralSceneConfig.cpp
D:\Documents\Tsinghua\myself\一升二暑假\程设\git_Project\Project\LibraryManagementSys\LibraryManagementSys\GeneralSceneConfig.cpp(14,44): warning C4297: “GeneralScene::WaitInput”: 假定函数不引发异常，但确实发生了
  D:\Documents\Tsinghua\myself\一升二暑假\程设\git_Project\Project\LibraryManagementSys\LibraryManagementSys\GeneralSceneConfig.cpp(14,44):
  在函数上指定了 __declspec(nothrow)、throw()、noexcept(true)或 noexcept
  
  GeneralSceneSp.h
  HomePageDisplay.cpp
  LinkConfig.cpp
  LinkConst.h
  main.cpp
  MouseConfig.cpp
  PageConfig.cpp
  ReaderConfig.cpp
  SceneConfig.cpp
D:\Documents\Tsinghua\myself\一升二暑假\程设\git_Project\Project\LibraryManagementSys\LibraryManagementSys\SceneConfig.cpp(26,33): warning C4297: “Scene::LayoutText”: 假定函数不引发异常，但确实发生了
  D:\Documents\Tsinghua\myself\一升二暑假\程设\git_Project\Project\LibraryManagementSys\LibraryManagementSys\SceneConfig.cpp(26,33):
  在函数上指定了 __declspec(nothrow)、throw()、noexcept(true)或 noexcept
  
  正在生成代码
  245 of 245 functions (100.0%) were compiled.
    241 functions were new in current compilation
    0 functions had inline decision re-evaluated but remain unchanged
  已完成代码的生成
  LibraryManagementSys.vcxproj -> D:\Documents\Tsinghua\myself\一升二暑假\程设\git_Project\Project\LibraryManagementSys\x64\Release\LibraryManagementSys.exe
